<?xml version='1.0' encoding='UTF-8'?>
<testsuite hostname="LCBOUOBTjM9QiDT" name="com.lightbend.akkassembly.WheelShopTest" tests="2" errors="0" failures="0" skipped="0" time="0.051" timestamp="2020-10-06T09:49:28">
                     <properties>
[...]
</properties>
                     <testcase classname="com.lightbend.akkassembly.WheelShopTest" name="wheels should return a series of wheels" time="0.023">
                                                 
                                               </testcase><testcase classname="com.lightbend.akkassembly.WheelShopTest" name="installWheels should install four wheels on each car" time="0.028">
                                                 
                                               </testcase>
                     <system-out><![CDATA[]]></system-out>
                     <system-err><![CDATA[]]></system-err>
                   </testsuite>